0 silly argv {
0 silly argv   _: [ 'version' ],
0 silly argv   'conventional-commits': true,
0 silly argv   conventionalCommits: true,
0 silly argv   'create-release': 'github',
0 silly argv   createRelease: 'github',
0 silly argv   m: '[skip ci] chore(release): publish',
0 silly argv   message: '[skip ci] chore(release): publish',
0 silly argv   yes: true,
0 silly argv   y: true,
0 silly argv   lernaVersion: '3.22.1',
0 silly argv   '$0': 'lerna'
0 silly argv }
1 notice cli v3.22.1
2 verbose rootPath /home/adam/projects/lerna_release
3 info versioning independent
4 silly isAnythingCommitted
5 verbose isAnythingCommitted 1
6 silly currentBranch
7 verbose currentBranch master
8 silly remoteBranchExists
9 silly isBehindUpstream
10 silly isBehindUpstream master is behind origin/master by 0 commit(s) and ahead by 0
11 silly hasTags
12 verbose hasTags true
13 silly git-describe.sync "app@3.5.2-1-g821b2d0" => {"lastTagName":"app@3.5.2","lastVersion":"3.5.2","refCount":"1","sha":"821b2d0","isDirty":false}
14 info Looking for changed packages since app@3.5.2
15 silly checking diff packages/app
16 silly found diff in packages/app/lib/app.js
17 verbose filtered diff [ 'packages/app/lib/app.js' ]
18 silly checking diff packages/lib
19 silly no diff found in lib
20 verbose updated app
21 verbose git-describe undefined => "app@3.5.2-1-g821b2d0"
22 silly git-describe parsed => {"lastTagName":"app@3.5.2","lastVersion":"3.5.2","refCount":"1","sha":"821b2d0","isDirty":false}
23 silly independent for app at /home/adam/projects/lerna_release/packages/app
24 verbose getChangelogConfig using preset "conventional-changelog-angular"
25 silly npa Result {
25 silly npa   type: 'tag',
25 silly npa   registry: true,
25 silly npa   where: undefined,
25 silly npa   raw: 'conventional-changelog-angular',
25 silly npa   name: 'conventional-changelog-angular',
25 silly npa   escapedName: 'conventional-changelog-angular',
25 silly npa   scope: undefined,
25 silly npa   rawSpec: '',
25 silly npa   saveSpec: null,
25 silly npa   fetchSpec: 'latest',
25 silly npa   gitRange: undefined,
25 silly npa   gitCommittish: undefined,
25 silly npa   hosted: undefined
25 silly npa }
26 verbose getChangelogConfig Attempting to resolve preset "conventional-changelog-angular"
27 info getChangelogConfig Successfully resolved preset "conventional-changelog-angular"
28 verbose independent increment 3.5.2 by patch
29 info auto-confirmed
30 info execute Creating releases...
31 silly lifecycle No script for "preversion" in "root", continuing
32 silly lifecycle No script for "preversion" in "app", continuing
33 silly lifecycle No script for "version" in "app", continuing
34 silly independent for app at /home/adam/projects/lerna_release/packages/app
35 silly independent writing new entry: "## [3.5.3](https://github.com/adamgajzlerowicz/lerna_release/compare/app@3.5.2...app@3.5.3) (2020-07-22)\n\n**Note:** Version bump only for package app\n\n\n\n"
36 verbose independent wrote /home/adam/projects/lerna_release/packages/app/CHANGELOG.md
37 silly lifecycle No script for "version" in "root", continuing
38 silly gitAdd [ 'packages/app/package.json', 'packages/app/CHANGELOG.md' ]
39 silly gitCommit [skip ci] chore(release): publish
39 silly gitCommit
39 silly gitCommit  - app@3.5.3
40 verbose git [
40 verbose git   'commit',
40 verbose git   '-F',
40 verbose git   '/tmp/0bb766e7-d83a-4266-8f05-592aed5e7afa/lerna-commit.txt'
40 verbose git ]
41 silly gitTag app@3.5.3
42 verbose git [ 'tag', 'app@3.5.3', '-m', 'app@3.5.3' ]
43 silly lifecycle No script for "postversion" in "app", continuing
44 silly lifecycle No script for "postversion" in "root", continuing
45 info git Pushing tags...
46 silly gitPush origin master
47 silly parseGitRepo
48 verbose git [ 'config', '--get', 'remote.origin.url' ]
49 silly createGitHubClient
50 error Error: A GH_TOKEN environment variable is required.
50 error     at createGitHubClient (/home/adam/projects/lerna_release/node_modules/@lerna/github-client/lib/github-client.js:17:11)
50 error     at createClient (/home/adam/projects/lerna_release/node_modules/@lerna/version/lib/create-release.js:16:14)
50 error     at createRelease (/home/adam/projects/lerna_release/node_modules/@lerna/version/lib/create-release.js:25:18)
50 error     at /home/adam/projects/lerna_release/node_modules/@lerna/version/index.js:282:9
50 error     at /home/adam/projects/lerna_release/node_modules/p-waterfall/index.js:4:73
50 error     at /home/adam/projects/lerna_release/node_modules/p-reduce/index.js:16:10
